<?xml version="1.0" encoding="UTF-8"?>
<testng-results ignored="0" total="7" passed="7" failed="0" skipped="0">
  <reporter-output>
  </reporter-output>
  <suite started-at="2024-01-20T20:16:17 IST" name="Default suite" finished-at="2024-01-20T20:21:47 IST" duration-ms="330416">
    <groups>
    </groups>
    <test started-at="2024-01-20T20:16:17 IST" name="Default test" finished-at="2024-01-20T20:21:47 IST" duration-ms="330416">
      <class name="swaglabsTestPage.LoginTestRun">
        <test-method is-config="true" signature="LanchuBrowser()[pri:0, instance:swaglabsTestPage.LoginTestRun@3b0090a4]" started-at="2024-01-20T20:16:17 IST" name="LanchuBrowser" finished-at="2024-01-20T20:16:26 IST" duration-ms="9804" status="PASS">
          <reporter-output>
          </reporter-output>
        </test-method> <!-- LanchuBrowser -->
        <test-method signature="login(java.lang.String,java.lang.String)[pri:0, instance:swaglabsTestPage.LoginTestRun@3b0090a4]" started-at="2024-01-20T20:16:26 IST" name="login" data-provider="datavalue" finished-at="2024-01-20T20:16:49 IST" duration-ms="22905" status="PASS">
          <params>
            <param index="0">
              <value>
                <![CDATA[standard_user]]>
              </value>
            </param>
            <param index="1">
              <value>
                <![CDATA[secret_sauce]]>
              </value>
            </param>
          </params>
          <reporter-output>
          </reporter-output>
        </test-method> <!-- login -->
        <test-method is-config="true" signature="LanchuBrowser()[pri:0, instance:swaglabsTestPage.LoginTestRun@3b0090a4]" started-at="2024-01-20T20:16:49 IST" name="LanchuBrowser" finished-at="2024-01-20T20:17:06 IST" duration-ms="16717" status="PASS">
          <reporter-output>
          </reporter-output>
        </test-method> <!-- LanchuBrowser -->
        <test-method signature="login(java.lang.String,java.lang.String)[pri:0, instance:swaglabsTestPage.LoginTestRun@3b0090a4]" started-at="2024-01-20T20:17:06 IST" name="login" data-provider="datavalue" finished-at="2024-01-20T20:17:27 IST" duration-ms="20700" status="PASS">
          <params>
            <param index="0">
              <value>
                <![CDATA[standard ]]>
              </value>
            </param>
            <param index="1">
              <value>
                <![CDATA[secret_sauce]]>
              </value>
            </param>
          </params>
          <reporter-output>
          </reporter-output>
        </test-method> <!-- login -->
        <test-method is-config="true" signature="LanchuBrowser()[pri:0, instance:swaglabsTestPage.LoginTestRun@3b0090a4]" started-at="2024-01-20T20:17:27 IST" name="LanchuBrowser" finished-at="2024-01-20T20:17:47 IST" duration-ms="20364" status="PASS">
          <reporter-output>
          </reporter-output>
        </test-method> <!-- LanchuBrowser -->
        <test-method signature="login(java.lang.String,java.lang.String)[pri:0, instance:swaglabsTestPage.LoginTestRun@3b0090a4]" started-at="2024-01-20T20:17:47 IST" name="login" data-provider="datavalue" finished-at="2024-01-20T20:18:08 IST" duration-ms="20454" status="PASS">
          <params>
            <param index="0">
              <value>
                <![CDATA[standard_user]]>
              </value>
            </param>
            <param index="1">
              <value>
                <![CDATA[selenium123]]>
              </value>
            </param>
          </params>
          <reporter-output>
          </reporter-output>
        </test-method> <!-- login -->
        <test-method is-config="true" signature="LanchuBrowser()[pri:0, instance:swaglabsTestPage.LoginTestRun@3b0090a4]" started-at="2024-01-20T20:18:08 IST" name="LanchuBrowser" finished-at="2024-01-20T20:18:36 IST" duration-ms="28010" status="PASS">
          <reporter-output>
          </reporter-output>
        </test-method> <!-- LanchuBrowser -->
        <test-method signature="login(java.lang.String,java.lang.String)[pri:0, instance:swaglabsTestPage.LoginTestRun@3b0090a4]" started-at="2024-01-20T20:18:36 IST" name="login" data-provider="datavalue" finished-at="2024-01-20T20:18:56 IST" duration-ms="20516" status="PASS">
          <params>
            <param index="0">
              <value>
                <![CDATA[standard_user]]>
              </value>
            </param>
            <param index="1">
              <value>
                <![CDATA[  ]]>
              </value>
            </param>
          </params>
          <reporter-output>
          </reporter-output>
        </test-method> <!-- login -->
        <test-method is-config="true" signature="LanchuBrowser()[pri:0, instance:swaglabsTestPage.LoginTestRun@3b0090a4]" started-at="2024-01-20T20:18:56 IST" name="LanchuBrowser" finished-at="2024-01-20T20:19:26 IST" duration-ms="29647" status="PASS">
          <reporter-output>
          </reporter-output>
        </test-method> <!-- LanchuBrowser -->
        <test-method signature="login(java.lang.String,java.lang.String)[pri:0, instance:swaglabsTestPage.LoginTestRun@3b0090a4]" started-at="2024-01-20T20:19:26 IST" name="login" data-provider="datavalue" finished-at="2024-01-20T20:19:48 IST" duration-ms="21740" status="PASS">
          <params>
            <param index="0">
              <value>
                <![CDATA[ ]]>
              </value>
            </param>
            <param index="1">
              <value>
                <![CDATA[selenium123]]>
              </value>
            </param>
          </params>
          <reporter-output>
          </reporter-output>
        </test-method> <!-- login -->
        <test-method is-config="true" signature="LanchuBrowser()[pri:0, instance:swaglabsTestPage.LoginTestRun@3b0090a4]" started-at="2024-01-20T20:19:48 IST" name="LanchuBrowser" finished-at="2024-01-20T20:20:09 IST" duration-ms="21726" status="PASS">
          <reporter-output>
          </reporter-output>
        </test-method> <!-- LanchuBrowser -->
        <test-method signature="login(java.lang.String,java.lang.String)[pri:0, instance:swaglabsTestPage.LoginTestRun@3b0090a4]" started-at="2024-01-20T20:20:09 IST" name="login" data-provider="datavalue" finished-at="2024-01-20T20:20:35 IST" duration-ms="25949" status="PASS">
          <params>
            <param index="0">
              <value>
                <![CDATA[ ]]>
              </value>
            </param>
            <param index="1">
              <value>
                <![CDATA[ ]]>
              </value>
            </param>
          </params>
          <reporter-output>
          </reporter-output>
        </test-method> <!-- login -->
        <test-method is-config="true" signature="LanchuBrowser()[pri:0, instance:swaglabsTestPage.LoginTestRun@3b0090a4]" started-at="2024-01-20T20:20:35 IST" name="LanchuBrowser" finished-at="2024-01-20T20:21:26 IST" duration-ms="50830" status="PASS">
          <reporter-output>
          </reporter-output>
        </test-method> <!-- LanchuBrowser -->
        <test-method signature="login(java.lang.String,java.lang.String)[pri:0, instance:swaglabsTestPage.LoginTestRun@3b0090a4]" started-at="2024-01-20T20:21:26 IST" name="login" data-provider="datavalue" finished-at="2024-01-20T20:21:47 IST" duration-ms="20619" status="PASS">
          <params>
            <param index="0">
              <value>
                <![CDATA[standard]]>
              </value>
            </param>
            <param index="1">
              <value>
                <![CDATA[selenium]]>
              </value>
            </param>
          </params>
          <reporter-output>
          </reporter-output>
        </test-method> <!-- login -->
      </class> <!-- swaglabsTestPage.LoginTestRun -->
    </test> <!-- Default test -->
  </suite> <!-- Default suite -->
</testng-results>
