<?xml version="1.0" encoding="UTF-8"?>
<testng-results ignored="0" total="8" passed="7" failed="1" skipped="0">
  <reporter-output>
  </reporter-output>
  <suite started-at="2024-01-18T12:54:47 IST" name="Default suite" finished-at="2024-01-18T12:57:14 IST" duration-ms="146318">
    <groups>
    </groups>
    <test started-at="2024-01-18T12:54:47 IST" name="Default test" finished-at="2024-01-18T12:57:14 IST" duration-ms="146318">
      <class name="firstProject.TestPage">
        <test-method is-config="true" signature="lanchuBrowser()[pri:0, instance:firstProject.TestPage@ba2f4ec]" started-at="2024-01-18T12:54:47 IST" name="lanchuBrowser" finished-at="2024-01-18T12:55:15 IST" duration-ms="27827" status="PASS">
          <reporter-output>
          </reporter-output>
        </test-method> <!-- lanchuBrowser -->
        <test-method signature="verifyaccesmenu()[pri:0, instance:firstProject.TestPage@ba2f4ec]" started-at="2024-01-18T12:55:15 IST" name="verifyaccesmenu" finished-at="2024-01-18T12:55:15 IST" duration-ms="106" status="FAIL">
          <exception class="org.openqa.selenium.InvalidSelectorException">
            <message>
              <![CDATA[Compound class names not permitted
For documentation on this error, please visit: https://www.selenium.dev/documentation/webdriver/troubleshooting/errors#invalid-selector-exception
Build info: version: '4.10.0', revision: 'c14d967899'
System info: os.name: 'Windows 10', os.arch: 'amd64', os.version: '10.0', java.version: '20.0.1'
Driver info: driver.version: unknown]]>
            </message>
            <full-stacktrace>
              <![CDATA[org.openqa.selenium.InvalidSelectorException: Compound class names not permitted
For documentation on this error, please visit: https://www.selenium.dev/documentation/webdriver/troubleshooting/errors#invalid-selector-exception
Build info: version: '4.10.0', revision: 'c14d967899'
System info: os.name: 'Windows 10', os.arch: 'amd64', os.version: '10.0', java.version: '20.0.1'
Driver info: driver.version: unknown
at org.openqa.selenium.By$ByClassName.<init>(By.java:308)
at org.openqa.selenium.By.className(By.java:99)
at firstProject.add.<init>(add.java:12)
at firstProject.TestPage.verifyaccesmenu(TestPage.java:79)
at java.base/jdk.internal.reflect.DirectMethodHandleAccessor.invoke(DirectMethodHandleAccessor.java:104)
at java.base/java.lang.reflect.Method.invoke(Method.java:578)
at org.testng.internal.invokers.MethodInvocationHelper.invokeMethod(MethodInvocationHelper.java:139)
at org.testng.internal.invokers.TestInvoker.invokeMethod(TestInvoker.java:664)
at org.testng.internal.invokers.TestInvoker.invokeTestMethod(TestInvoker.java:227)
at org.testng.internal.invokers.MethodRunner.runInSequence(MethodRunner.java:50)
at org.testng.internal.invokers.TestInvoker$MethodInvocationAgent.invoke(TestInvoker.java:957)
at org.testng.internal.invokers.TestInvoker.invokeTestMethods(TestInvoker.java:200)
at org.testng.internal.invokers.TestMethodWorker.invokeTestMethods(TestMethodWorker.java:148)
at org.testng.internal.invokers.TestMethodWorker.run(TestMethodWorker.java:128)
at java.base/java.util.ArrayList.forEach(ArrayList.java:1511)
at org.testng.TestRunner.privateRun(TestRunner.java:848)
at org.testng.TestRunner.run(TestRunner.java:621)
at org.testng.SuiteRunner.runTest(SuiteRunner.java:443)
at org.testng.SuiteRunner.runSequentially(SuiteRunner.java:437)
at org.testng.SuiteRunner.privateRun(SuiteRunner.java:397)
at org.testng.SuiteRunner.run(SuiteRunner.java:336)
at org.testng.SuiteRunnerWorker.runSuite(SuiteRunnerWorker.java:52)
at org.testng.SuiteRunnerWorker.run(SuiteRunnerWorker.java:95)
at org.testng.TestNG.runSuitesSequentially(TestNG.java:1280)
at org.testng.TestNG.runSuitesLocally(TestNG.java:1200)
at org.testng.TestNG.runSuites(TestNG.java:1114)
at org.testng.TestNG.run(TestNG.java:1082)
at org.testng.remote.AbstractRemoteTestNG.run(AbstractRemoteTestNG.java:115)
at org.testng.remote.RemoteTestNG.initAndRun(RemoteTestNG.java:251)
at org.testng.remote.RemoteTestNG.main(RemoteTestNG.java:77)
]]>
            </full-stacktrace>
          </exception> <!-- org.openqa.selenium.InvalidSelectorException -->
          <reporter-output>
          </reporter-output>
        </test-method> <!-- verifyaccesmenu -->
        <test-method is-config="true" signature="teardown()[pri:0, instance:firstProject.TestPage@ba2f4ec]" started-at="2024-01-18T12:55:15 IST" name="teardown" finished-at="2024-01-18T12:55:16 IST" duration-ms="714" status="PASS">
          <reporter-output>
          </reporter-output>
        </test-method> <!-- teardown -->
        <test-method is-config="true" signature="lanchuBrowser()[pri:0, instance:firstProject.TestPage@ba2f4ec]" started-at="2024-01-18T12:55:16 IST" name="lanchuBrowser" finished-at="2024-01-18T12:55:33 IST" duration-ms="16998" status="PASS">
          <reporter-output>
          </reporter-output>
        </test-method> <!-- lanchuBrowser -->
        <test-method signature="login(java.lang.String,java.lang.String)[pri:1, instance:firstProject.TestPage@ba2f4ec]" started-at="2024-01-18T12:55:33 IST" name="login" data-provider="value" finished-at="2024-01-18T12:55:40 IST" duration-ms="6668" status="PASS">
          <params>
            <param index="0">
              <value>
                <![CDATA[standard]]>
              </value>
            </param>
            <param index="1">
              <value>
                <![CDATA[secret_sauce]]>
              </value>
            </param>
          </params>
          <reporter-output>
          </reporter-output>
        </test-method> <!-- login -->
        <test-method is-config="true" signature="teardown()[pri:0, instance:firstProject.TestPage@ba2f4ec]" started-at="2024-01-18T12:55:40 IST" name="teardown" finished-at="2024-01-18T12:55:40 IST" duration-ms="207" status="PASS">
          <reporter-output>
          </reporter-output>
        </test-method> <!-- teardown -->
        <test-method is-config="true" signature="lanchuBrowser()[pri:0, instance:firstProject.TestPage@ba2f4ec]" started-at="2024-01-18T12:55:40 IST" name="lanchuBrowser" finished-at="2024-01-18T12:55:52 IST" duration-ms="11695" status="PASS">
          <reporter-output>
          </reporter-output>
        </test-method> <!-- lanchuBrowser -->
        <test-method signature="login(java.lang.String,java.lang.String)[pri:1, instance:firstProject.TestPage@ba2f4ec]" started-at="2024-01-18T12:55:52 IST" name="login" data-provider="value" finished-at="2024-01-18T12:55:57 IST" duration-ms="5489" status="PASS">
          <params>
            <param index="0">
              <value>
                <![CDATA[standard_user]]>
              </value>
            </param>
            <param index="1">
              <value>
                <![CDATA[selenium123]]>
              </value>
            </param>
          </params>
          <reporter-output>
          </reporter-output>
        </test-method> <!-- login -->
        <test-method is-config="true" signature="teardown()[pri:0, instance:firstProject.TestPage@ba2f4ec]" started-at="2024-01-18T12:55:57 IST" name="teardown" finished-at="2024-01-18T12:55:57 IST" duration-ms="264" status="PASS">
          <reporter-output>
          </reporter-output>
        </test-method> <!-- teardown -->
        <test-method is-config="true" signature="lanchuBrowser()[pri:0, instance:firstProject.TestPage@ba2f4ec]" started-at="2024-01-18T12:55:57 IST" name="lanchuBrowser" finished-at="2024-01-18T12:56:06 IST" duration-ms="9050" status="PASS">
          <reporter-output>
          </reporter-output>
        </test-method> <!-- lanchuBrowser -->
        <test-method signature="login(java.lang.String,java.lang.String)[pri:1, instance:firstProject.TestPage@ba2f4ec]" started-at="2024-01-18T12:56:06 IST" name="login" data-provider="value" finished-at="2024-01-18T12:56:12 IST" duration-ms="5388" status="PASS">
          <params>
            <param index="0">
              <value>
                <![CDATA[ ]]>
              </value>
            </param>
            <param index="1">
              <value>
                <![CDATA[selenium123]]>
              </value>
            </param>
          </params>
          <reporter-output>
          </reporter-output>
        </test-method> <!-- login -->
        <test-method is-config="true" signature="teardown()[pri:0, instance:firstProject.TestPage@ba2f4ec]" started-at="2024-01-18T12:56:12 IST" name="teardown" finished-at="2024-01-18T12:56:12 IST" duration-ms="243" status="PASS">
          <reporter-output>
          </reporter-output>
        </test-method> <!-- teardown -->
        <test-method is-config="true" signature="lanchuBrowser()[pri:0, instance:firstProject.TestPage@ba2f4ec]" started-at="2024-01-18T12:56:12 IST" name="lanchuBrowser" finished-at="2024-01-18T12:56:21 IST" duration-ms="9229" status="PASS">
          <reporter-output>
          </reporter-output>
        </test-method> <!-- lanchuBrowser -->
        <test-method signature="login(java.lang.String,java.lang.String)[pri:1, instance:firstProject.TestPage@ba2f4ec]" started-at="2024-01-18T12:56:21 IST" name="login" data-provider="value" finished-at="2024-01-18T12:56:27 IST" duration-ms="5364" status="PASS">
          <params>
            <param index="0">
              <value>
                <![CDATA[standard_user]]>
              </value>
            </param>
            <param index="1">
              <value>
                <![CDATA[  ]]>
              </value>
            </param>
          </params>
          <reporter-output>
          </reporter-output>
        </test-method> <!-- login -->
        <test-method is-config="true" signature="teardown()[pri:0, instance:firstProject.TestPage@ba2f4ec]" started-at="2024-01-18T12:56:27 IST" name="teardown" finished-at="2024-01-18T12:56:27 IST" duration-ms="312" status="PASS">
          <reporter-output>
          </reporter-output>
        </test-method> <!-- teardown -->
        <test-method is-config="true" signature="lanchuBrowser()[pri:0, instance:firstProject.TestPage@ba2f4ec]" started-at="2024-01-18T12:56:27 IST" name="lanchuBrowser" finished-at="2024-01-18T12:56:35 IST" duration-ms="8376" status="PASS">
          <reporter-output>
          </reporter-output>
        </test-method> <!-- lanchuBrowser -->
        <test-method signature="login(java.lang.String,java.lang.String)[pri:1, instance:firstProject.TestPage@ba2f4ec]" started-at="2024-01-18T12:56:35 IST" name="login" data-provider="value" finished-at="2024-01-18T12:56:41 IST" duration-ms="5427" status="PASS">
          <params>
            <param index="0">
              <value>
                <![CDATA[standard]]>
              </value>
            </param>
            <param index="1">
              <value>
                <![CDATA[selenium123]]>
              </value>
            </param>
          </params>
          <reporter-output>
          </reporter-output>
        </test-method> <!-- login -->
        <test-method is-config="true" signature="teardown()[pri:0, instance:firstProject.TestPage@ba2f4ec]" started-at="2024-01-18T12:56:41 IST" name="teardown" finished-at="2024-01-18T12:56:41 IST" duration-ms="310" status="PASS">
          <reporter-output>
          </reporter-output>
        </test-method> <!-- teardown -->
        <test-method is-config="true" signature="lanchuBrowser()[pri:0, instance:firstProject.TestPage@ba2f4ec]" started-at="2024-01-18T12:56:41 IST" name="lanchuBrowser" finished-at="2024-01-18T12:56:51 IST" duration-ms="9579" status="PASS">
          <reporter-output>
          </reporter-output>
        </test-method> <!-- lanchuBrowser -->
        <test-method signature="login(java.lang.String,java.lang.String)[pri:1, instance:firstProject.TestPage@ba2f4ec]" started-at="2024-01-18T12:56:51 IST" name="login" data-provider="value" finished-at="2024-01-18T12:56:56 IST" duration-ms="5387" status="PASS">
          <params>
            <param index="0">
              <value>
                <![CDATA[  ]]>
              </value>
            </param>
            <param index="1">
              <value>
                <![CDATA[   ]]>
              </value>
            </param>
          </params>
          <reporter-output>
          </reporter-output>
        </test-method> <!-- login -->
        <test-method is-config="true" signature="teardown()[pri:0, instance:firstProject.TestPage@ba2f4ec]" started-at="2024-01-18T12:56:56 IST" name="teardown" finished-at="2024-01-18T12:56:56 IST" duration-ms="257" status="PASS">
          <reporter-output>
          </reporter-output>
        </test-method> <!-- teardown -->
        <test-method is-config="true" signature="lanchuBrowser()[pri:0, instance:firstProject.TestPage@ba2f4ec]" started-at="2024-01-18T12:56:56 IST" name="lanchuBrowser" finished-at="2024-01-18T12:57:07 IST" duration-ms="11084" status="PASS">
          <reporter-output>
          </reporter-output>
        </test-method> <!-- lanchuBrowser -->
        <test-method signature="login(java.lang.String,java.lang.String)[pri:1, instance:firstProject.TestPage@ba2f4ec]" started-at="2024-01-18T12:57:07 IST" name="login" data-provider="value" finished-at="2024-01-18T12:57:13 IST" duration-ms="5935" status="PASS">
          <params>
            <param index="0">
              <value>
                <![CDATA[standard_user]]>
              </value>
            </param>
            <param index="1">
              <value>
                <![CDATA[secret_sauce]]>
              </value>
            </param>
          </params>
          <reporter-output>
          </reporter-output>
        </test-method> <!-- login -->
        <test-method is-config="true" signature="teardown()[pri:0, instance:firstProject.TestPage@ba2f4ec]" started-at="2024-01-18T12:57:13 IST" name="teardown" finished-at="2024-01-18T12:57:14 IST" duration-ms="312" status="PASS">
          <reporter-output>
          </reporter-output>
        </test-method> <!-- teardown -->
      </class> <!-- firstProject.TestPage -->
    </test> <!-- Default test -->
  </suite> <!-- Default suite -->
</testng-results>
