<?xml version="1.0" encoding="UTF-8"?>
<!-- Generated by org.testng.reporters.JUnitXMLReporter -->
<testsuite ignored="0" hostname="DESKTOP-KQ7RV25" failures="0" tests="7" name="Default test" time="330.416" errors="0" timestamp="2024-01-20T20:21:48 IST">
  <testcase classname="swaglabsTestPage.LoginTestRun" name="login" time="22.905"/>
  <testcase classname="swaglabsTestPage.LoginTestRun" name="login" time="20.7"/>
  <testcase classname="swaglabsTestPage.LoginTestRun" name="login" time="20.454"/>
  <testcase classname="swaglabsTestPage.LoginTestRun" name="login" time="20.516"/>
  <testcase classname="swaglabsTestPage.LoginTestRun" name="login" time="21.74"/>
  <testcase classname="swaglabsTestPage.LoginTestRun" name="login" time="25.949"/>
  <testcase classname="swaglabsTestPage.LoginTestRun" name="login" time="20.619"/>
</testsuite> <!-- Default test -->
