<?xml version="1.0" encoding="UTF-8"?>
<!-- Generated by org.testng.reporters.JUnitXMLReporter -->
<testsuite ignored="0" hostname="DESKTOP-KQ7RV25" failures="0" tests="7" name="Default test" time="275.129" errors="0" timestamp="2024-01-20T20:43:06 IST">
  <testcase classname="swaglabsTestPage.LoginTestRun" name="login" time="20.039"/>
  <testcase classname="swaglabsTestPage.LoginTestRun" name="login" time="20.393"/>
  <testcase classname="swaglabsTestPage.LoginTestRun" name="login" time="20.45"/>
  <testcase classname="swaglabsTestPage.LoginTestRun" name="login" time="20.421"/>
  <testcase classname="swaglabsTestPage.LoginTestRun" name="login" time="20.42"/>
  <testcase classname="swaglabsTestPage.LoginTestRun" name="login" time="20.401"/>
  <testcase classname="swaglabsTestPage.LoginTestRun" name="login" time="20.486"/>
</testsuite> <!-- Default test -->
